── Attaching packages ─────────────────────────────────────── tidyverse 1.3.1 ──
✔ ggplot2 3.4.0     ✔ purrr   0.3.4
✔ tibble  3.1.7     ✔ dplyr   1.0.9
✔ tidyr   1.2.0     ✔ stringr 1.4.0
✔ readr   2.1.2     ✔ forcats 0.5.1
── Conflicts ────────────────────────────────────────── tidyverse_conflicts() ──
✖ dplyr::filter() masks stats::filter()
✖ dplyr::lag()    masks stats::lag()
Warning message:
package ‘ggplot2’ was built under R version 4.2.1 

Attaching package: ‘magrittr’

The following object is masked from ‘package:purrr’:

    set_names

The following object is masked from ‘package:tidyr’:

    extract

Warning message:
package ‘ggpubr’ was built under R version 4.2.2 

Attaching package: ‘gridExtra’

The following object is masked from ‘package:dplyr’:

    combine


Attaching package: ‘cowplot’

The following object is masked from ‘package:ggpubr’:

    get_legend

Warning message:
package ‘cowplot’ was built under R version 4.2.1 
Error in grid.newpage() : 
  could not open file '/pi/manuel.garber-umw/nl/human/skin/eQTLs/website/data/plots/APOL4/rs1053982/scatterPlot_ancestryColored_PBSeQTL_CPM.png'
Calls: print -> print.ggplot -> grid.newpage
Execution halted
